--- Copying files at Sat Apr 12 16:18:53 UTC 2025
INSTALLED plugins/plugin-util-api.jpi : 4.1.0
INSTALLED plugins/authentication-tokens.jpi : 1.119.v50285141b_7e1
INSTALLED plugins/ionicons-api.jpi : 74.v93d5eb_813d5f
INSTALLED plugins/docker-workflow.jpi : 580.vc0c340686b_54
INSTALLED plugins/bootstrap5-api.jpi : 5.3.3-1
INSTALLED plugins/blueocean-pipeline-editor.jpi : 1.27.16
INSTALLED plugins/workflow-step-api.jpi : 678.v3ee58b_469476
INSTALLED plugins/workflow-support.jpi : 920.v59f71ce16f04
INSTALLED plugins/scm-api.jpi : 696.v778d637b_a_762
INSTALLED plugins/pipeline-milestone-step.jpi : 119.vdfdc43fc3b_9a_
INSTALLED plugins/blueocean-i18n.jpi : 1.27.16
INSTALLED plugins/credentials-binding.jpi : 681.vf91669a_32e45
INSTALLED plugins/asm-api.jpi : 9.7-33.v4d23ef79fcc8
INSTALLED plugins/jenkins-design-language.jpi : 1.27.16
INSTALLED plugins/plain-credentials.jpi : 183.va_de8f1dd5a_2b_
INSTALLED plugins/pipeline-graph-analysis.jpi : 216.vfd8b_ece330ca_
INSTALLED plugins/cloudbees-bitbucket-branch-source.jpi : 888.v8e6d479a_1730
INSTALLED plugins/blueocean-github-pipeline.jpi : 1.27.16
INSTALLED plugins/blueocean-config.jpi : 1.27.16
INSTALLED plugins/jakarta-activation-api.jpi : 2.1.3-1
INSTALLED plugins/jjwt-api.jpi : 0.11.5-112.ve82dfb_224b_a_d
INSTALLED plugins/htmlpublisher.jpi : 1.36
INSTALLED plugins/sse-gateway.jpi : 1.27
INSTALLED plugins/joda-time-api.jpi : 2.12.7-29.v5a_b_e3a_82269a_
INSTALLED plugins/branch-api.jpi : 2.1178.v969d9eb_c728e
INSTALLED plugins/blueocean-dashboard.jpi : 1.27.16
INSTALLED plugins/instance-identity.jpi : 201.vd2a_b_5a_468a_a_6
INSTALLED plugins/pipeline-model-definition.jpi : 2.2218.v56d0cda_37c72
INSTALLED plugins/pipeline-build-step.jpi : 540.vb_e8849e1a_b_d8
INSTALLED plugins/pipeline-stage-step.jpi : 312.v8cd10304c27a_
INSTALLED plugins/echarts-api.jpi : 5.5.1-4
INSTALLED plugins/pipeline-groovy-lib.jpi : 745.vdf6077913de0
INSTALLED plugins/javax-activation-api.jpi : 1.2.0-7
INSTALLED plugins/blueocean-commons.jpi : 1.27.16
INSTALLED plugins/blueocean-jwt.jpi : 1.27.16
INSTALLED plugins/jackson2-api.jpi : 2.18.3-396.v93cc2d00b_b_7b_
INSTALLED plugins/workflow-durable-task-step.jpi : 1378.v6a_3e903058a_3
INSTALLED plugins/favorite.jpi : 2.221.v19ca_666b_62f5
INSTALLED plugins/github.jpi : 1.40.0
INSTALLED plugins/handy-uri-templates-2-api.jpi : 2.1.8-30.v7e777411b_148
INSTALLED plugins/blueocean-bitbucket-pipeline.jpi : 1.27.16
INSTALLED plugins/gson-api.jpi : 2.11.0-41.v019fcf6125dc
INSTALLED plugins/variant.jpi : 60.v7290fc0eb_b_cd
INSTALLED plugins/github-api.jpi : 1.321-468.v6a_9f5f2d5a_7e
INSTALLED plugins/script-security.jpi : 1369.v9b_98a_4e95b_2d
INSTALLED plugins/blueocean-events.jpi : 1.27.16
INSTALLED plugins/apache-httpcomponents-client-4-api.jpi : 4.5.14-208.v438351942757
INSTALLED plugins/jakarta-mail-api.jpi : 2.1.3-1
INSTALLED plugins/commons-lang3-api.jpi : 3.17.0-84.vb_b_938040b_078
INSTALLED plugins/workflow-api.jpi : 1322.v857eeeea_9902
INSTALLED plugins/durable-task.jpi : 568.v8fb_5c57e8417
INSTALLED plugins/pubsub-light.jpi : 1.18
INSTALLED plugins/matrix-project.jpi : 822.824.v14451b_c0fd42
INSTALLED plugins/trilead-api.jpi : 2.147.vb_73cc728a_32e
INSTALLED plugins/caffeine-api.jpi : 3.1.8-133.v17b_1ff2e0599
INSTALLED plugins/workflow-multibranch.jpi : 773.vc4fe1378f1d5
INSTALLED plugins/jaxb.jpi : 2.3.9-1
INSTALLED plugins/structs.jpi : 338.v848422169819
INSTALLED plugins/mina-sshd-api-common.jpi : 2.14.0-143.v2b_362fc39576
INSTALLED plugins/display-url-api.jpi : 2.204.vf6fddd8a_8b_e9
INSTALLED plugins/workflow-job.jpi : 1400.v7fd111b_ec82f
INSTALLED plugins/blueocean-web.jpi : 1.27.16
INSTALLED plugins/blueocean-rest.jpi : 1.27.16
INSTALLED plugins/pipeline-model-api.jpi : 2.2218.v56d0cda_37c72
INSTALLED plugins/cloudbees-folder.jpi : 6.901.vb_4c7a_da_75da_3
INSTALLED plugins/pipeline-input-step.jpi : 495.ve9c153f6067b_
INSTALLED plugins/blueocean-rest-impl.jpi : 1.27.16
INSTALLED plugins/workflow-scm-step.jpi : 427.v4ca_6512e7df1
INSTALLED plugins/workflow-basic-steps.jpi : 1058.vcb_fc1e3a_21a_9
INSTALLED plugins/blueocean-personalization.jpi : 1.27.16
INSTALLED plugins/checks-api.jpi : 2.2.3
INSTALLED plugins/git-client.jpi : 4.7.0
INSTALLED plugins/pipeline-stage-tags-metadata.jpi : 2.2218.v56d0cda_37c72
INSTALLED plugins/jquery3-api.jpi : 3.7.1-2
INSTALLED plugins/credentials.jpi : 1380.va_435002fa_924
INSTALLED plugins/mailer.jpi : 472.vf7c289a_4b_420
INSTALLED plugins/ssh-credentials.jpi : 343.v884f71d78167
INSTALLED plugins/eddsa-api.jpi : 0.3.0-4.v84c6f0f4969e
INSTALLED plugins/snakeyaml-api.jpi : 2.3-123.v13484c65210a_
INSTALLED plugins/blueocean-pipeline-api-impl.jpi : 1.27.16
INSTALLED plugins/blueocean-core-js.jpi : 1.27.16
INSTALLED plugins/json-api.jpi : 20240303-41.v94e11e6de726
INSTALLED plugins/mina-sshd-api-core.jpi : 2.14.0-143.v2b_362fc39576
INSTALLED plugins/docker-commons.jpi : 445.v6b_646c962a_94
INSTALLED plugins/token-macro.jpi : 400.v35420b_922dcb_
INSTALLED plugins/commons-text-api.jpi : 1.12.0-126.v7b_5df3fa_5444
INSTALLED plugins/pipeline-model-extensions.jpi : 2.2218.v56d0cda_37c72
INSTALLED plugins/github-branch-source.jpi : 1793.v1831e9c68d77
INSTALLED plugins/font-awesome-api.jpi : 6.6.0-2
INSTALLED plugins/blueocean-display-url.jpi : 2.4.3
INSTALLED plugins/blueocean-git-pipeline.jpi : 1.27.16
INSTALLED plugins/workflow-cps.jpi : 4000.v5198556e9cea_
INSTALLED plugins/blueocean-pipeline-scm-api.jpi : 1.27.16
INSTALLED plugins/blueocean.jpi : 1.27.16
INSTALLED plugins/bouncycastle-api.jpi : 2.30.1.78.1-248.ve27176eb_46cb_
INSTALLED plugins/git.jpi : 5.2.2
INSTALLED plugins/okhttp-api.jpi : 4.11.0-172.vda_da_1feeb_c6e
INSTALLED plugins/junit.jpi : 1312.v1a_235a_b_94a_31
